=================================================================
 RISC-V RV32I Pipeline CPU Simulation
=================================================================
 Time | PC      | Instruction | RegWrite | rd  | Result    |
------+---------+-------------+----------+-----+----------|
    0 | 00000000 | 00000000   | 0       |  0  | 00000000 |
[  15] IF:  PC=00000000, Inst=00000000
[  15] ID:  PC=00000000, Inst=00000000, opcode=00
[  15] EX:  PC=00000000, ALUResult=00000000, zero=1
---
[  25] IF:  PC=00000000, Inst=00500093
[  25] ID:  PC=00000000, Inst=00000000, opcode=00
[  25] EX:  PC=00000000, ALUResult=00000000, zero=1
---
   25 | 00000004 | 00500093   | 0       |  0  | 00000000 |
[  35] IF:  PC=00000004, Inst=00500093
[  35] ID:  PC=00000000, Inst=00500093, opcode=13
[  35] EX:  PC=00000000, ALUResult=00000000, zero=1
---
[  45] IF:  PC=00000004, Inst=00300113
[  45] ID:  PC=00000004, Inst=00500093, opcode=13
[  45] EX:  PC=00000000, ALUResult=00000000, zero=1
---
   45 | 00000004 | 00300113   | 0       |  0  | 00000000 |
[  55] IF:  PC=00000004, Inst=00300113
[  55] ID:  PC=00000004, Inst=00300113, opcode=13
[  55] EX:  PC=00000004, ALUResult=00000005, zero=0
---
   55 | 00000004 | 00300113   | 1       |  1  | 00000000 |
[  65] IF:  PC=00000004, Inst=00300113
[  65] ID:  PC=00000004, Inst=00300113, opcode=13
[  65] EX:  PC=00000004, ALUResult=00000005, zero=0
[  65] ---> WB:  Write x 1 =           0 (00000000)
---
   65 | 00000008 | 00300113   | 1       |  1  | 00000005 |
[  75] IF:  PC=00000008, Inst=00300113
[  75] ID:  PC=00000004, Inst=00300113, opcode=13
[  75] EX:  PC=00000004, ALUResult=00000003, zero=0
[  75] ---> WB:  Write x 1 =           5 (00000005)
---
   75 | 00000008 | 00300113   | 1       |  2  | 00000005 |
[  85] IF:  PC=00000008, Inst=00102023
[  85] ID:  PC=00000008, Inst=00300113, opcode=13
[  85] EX:  PC=00000004, ALUResult=00000003, zero=0
[  85] ---> WB:  Write x 2 =           5 (00000005)
---
   85 | 00000008 | 00102023   | 1       |  2  | 00000003 |
[  95] IF:  PC=00000008, Inst=00102023
[  95] ID:  PC=00000008, Inst=00102023, opcode=23
[  95] EX:  PC=00000008, ALUResult=00000003, zero=0
[  95] ---> WB:  Write x 2 =           3 (00000003)
---
[ 105] IF:  PC=00000008, Inst=00102023
[ 105] ID:  PC=00000008, Inst=00102023, opcode=23
[ 105] EX:  PC=00000008, ALUResult=00000003, zero=0
[ 105] ---> WB:  Write x 2 =           3 (00000003)
---
  105 | 0000000c | 00102023   | 1       |  2  | 00000003 |
[ 115] IF:  PC=0000000c, Inst=00102023
[ 115] ID:  PC=00000008, Inst=00102023, opcode=23
[ 115] EX:  PC=00000008, ALUResult=00000000, zero=1
[ 115] ---> WB:  Write x 2 =           3 (00000003)
---
  115 | 0000000c | 00102023   | 0       |  0  | 00000003 |
[ 125] IF:  PC=0000000c, Inst=00202223
[ 125] ID:  PC=0000000c, Inst=00102023, opcode=23
[ 125] EX:  PC=00000008, ALUResult=00000000, zero=1
---
  125 | 0000000c | 00202223   | 0       |  0  | 00000000 |
[ 135] IF:  PC=0000000c, Inst=00202223
[ 135] ID:  PC=0000000c, Inst=00202223, opcode=23
[ 135] EX:  PC=0000000c, ALUResult=00000000, zero=1
---
[ 145] IF:  PC=0000000c, Inst=00202223
[ 145] ID:  PC=0000000c, Inst=00202223, opcode=23
[ 145] EX:  PC=0000000c, ALUResult=00000000, zero=1
---
  145 | 00000010 | 00202223   | 0       |  0  | 00000000 |
[ 155] IF:  PC=00000010, Inst=00202223
[ 155] ID:  PC=0000000c, Inst=00202223, opcode=23
[ 155] EX:  PC=0000000c, ALUResult=00000004, zero=0
---
  155 | 00000010 | 00202223   | 0       |  4  | 00000000 |
[ 165] IF:  PC=00000010, Inst=002081b3
[ 165] ID:  PC=00000010, Inst=00202223, opcode=23
[ 165] EX:  PC=0000000c, ALUResult=00000004, zero=0
---
  165 | 00000010 | 002081b3   | 0       |  4  | 00000004 |
[ 175] IF:  PC=00000010, Inst=002081b3
[ 175] ID:  PC=00000010, Inst=002081b3, opcode=33
[ 175] EX:  PC=00000010, ALUResult=00000004, zero=0
---
[ 185] IF:  PC=00000010, Inst=002081b3
[ 185] ID:  PC=00000010, Inst=002081b3, opcode=33
[ 185] EX:  PC=00000010, ALUResult=00000004, zero=0
---
  185 | 00000014 | 002081b3   | 0       |  4  | 00000004 |
[ 195] IF:  PC=00000014, Inst=002081b3
[ 195] ID:  PC=00000010, Inst=002081b3, opcode=33
[ 195] EX:  PC=00000010, ALUResult=00000008, zero=0
---
  195 | 00000014 | 002081b3   | 1       |  3  | 00000004 |
[ 205] IF:  PC=00000014, Inst=00002203
[ 205] ID:  PC=00000014, Inst=002081b3, opcode=33
[ 205] EX:  PC=00000010, ALUResult=00000008, zero=0
[ 205] ---> WB:  Write x 3 =           4 (00000004)
---
  205 | 00000014 | 00002203   | 1       |  3  | 00000008 |
[ 215] IF:  PC=00000014, Inst=00002203
[ 215] ID:  PC=00000014, Inst=00002203, opcode=03
[ 215] EX:  PC=00000014, ALUResult=00000008, zero=0
[ 215] ---> WB:  Write x 3 =           8 (00000008)
---
[ 225] IF:  PC=00000014, Inst=00002203
[ 225] ID:  PC=00000014, Inst=00002203, opcode=03
[ 225] EX:  PC=00000014, ALUResult=00000008, zero=0
[ 225] ---> WB:  Write x 3 =           8 (00000008)
---
  225 | 00000018 | 00002203   | 1       |  3  | 00000008 |
[ 235] IF:  PC=00000018, Inst=00002203
[ 235] ID:  PC=00000014, Inst=00002203, opcode=03
[ 235] EX:  PC=00000014, ALUResult=00000000, zero=1
[ 235] ---> WB:  Write x 3 =           8 (00000008)
---
  235 | 00000018 | 00002203   | 1       |  4  | 00000000 |
[ 245] IF:  PC=00000018, Inst=00402283
[ 245] ID:  PC=00000018, Inst=00002203, opcode=03
[ 245] EX:  PC=00000014, ALUResult=00000000, zero=1
[ 245] ---> WB:  Write x 4 =           0 (00000000)
---
  245 | 00000018 | 00402283   | 1       |  4  | 00000000 |
[ 255] IF:  PC=00000018, Inst=00402283
[ 255] ID:  PC=00000018, Inst=00402283, opcode=03
[ 255] EX:  PC=00000018, ALUResult=00000000, zero=1
[ 255] ---> WB:  Write x 4 =           0 (00000000)
---
  255 | 00000018 | 00402283   | 1       |  4  | 00000003 |
[ 265] IF:  PC=00000018, Inst=00402283
[ 265] ID:  PC=00000018, Inst=00402283, opcode=03
[ 265] EX:  PC=00000018, ALUResult=00000000, zero=1
[ 265] ---> WB:  Write x 4 =           3 (00000003)
---
  265 | 0000001c | 00402283   | 1       |  4  | 00000003 |
[ 275] IF:  PC=0000001c, Inst=00402283
[ 275] ID:  PC=00000018, Inst=00402283, opcode=03
[ 275] EX:  PC=00000018, ALUResult=00000000, zero=1
[ 275] ---> WB:  Write x 4 =           3 (00000003)
---
  275 | 0000001c | 00402283   | 0       |  4  | 00000000 |
[ 285] IF:  PC=0000001c, Inst=40418333
[ 285] ID:  PC=0000001c, Inst=00402283, opcode=03
[ 285] EX:  PC=00000018, ALUResult=00000004, zero=0
---
  285 | 0000001c | 40418333   | 1       |  5  | 00000003 |
[ 295] IF:  PC=0000001c, Inst=40418333
[ 295] ID:  PC=0000001c, Inst=40418333, opcode=33
[ 295] EX:  PC=0000001c, ALUResult=00000004, zero=0
[ 295] ---> WB:  Write x 5 =           3 (00000003)
---
[ 305] IF:  PC=0000001c, Inst=40418333
[ 305] ID:  PC=0000001c, Inst=40418333, opcode=33
[ 305] EX:  PC=0000001c, ALUResult=00000004, zero=0
[ 305] ---> WB:  Write x 5 =           3 (00000003)
---
  305 | 00000020 | 40418333   | 1       |  5  | 00000003 |
[ 315] IF:  PC=00000020, Inst=40418333
[ 315] ID:  PC=0000001c, Inst=40418333, opcode=33
[ 315] EX:  PC=0000001c, ALUResult=00000005, zero=0
[ 315] ---> WB:  Write x 5 =           3 (00000003)
---
  315 | 00000020 | 40418333   | 1       |  6  | 00000004 |
[ 325] IF:  PC=00000020, Inst=00000013
[ 325] ID:  PC=00000020, Inst=40418333, opcode=33
[ 325] EX:  PC=0000001c, ALUResult=00000005, zero=0
[ 325] ---> WB:  Write x 6 =           4 (00000004)
---
  325 | 00000020 | 00000013   | 1       |  6  | 00000005 |
[ 335] IF:  PC=00000020, Inst=00000013
[ 335] ID:  PC=00000020, Inst=00000013, opcode=13
[ 335] EX:  PC=00000020, ALUResult=00000005, zero=0
[ 335] ---> WB:  Write x 6 =           5 (00000005)
---
[ 345] IF:  PC=00000020, Inst=00000013
[ 345] ID:  PC=00000020, Inst=00000013, opcode=13
[ 345] EX:  PC=00000020, ALUResult=00000005, zero=0
[ 345] ---> WB:  Write x 6 =           5 (00000005)
---
  345 | 00000024 | 00000013   | 1       |  6  | 00000005 |
[ 355] IF:  PC=00000024, Inst=00000013
[ 355] ID:  PC=00000020, Inst=00000013, opcode=13
[ 355] EX:  PC=00000020, ALUResult=00000000, zero=1
[ 355] ---> WB:  Write x 6 =           5 (00000005)
---
  355 | 00000024 | 00000013   | 1       |  0  | 00000005 |
[ 365] IF:  PC=00000024, Inst=00000000
[ 365] ID:  PC=00000024, Inst=00000013, opcode=13
[ 365] EX:  PC=00000020, ALUResult=00000000, zero=1
[ 365] ---> WB:  Write x 0 =           5 (00000005)
---
  365 | 00000024 | 00000000   | 1       |  0  | 00000000 |
[ 375] IF:  PC=00000024, Inst=00000000
[ 375] ID:  PC=00000024, Inst=00000000, opcode=00
[ 375] EX:  PC=00000024, ALUResult=00000000, zero=1
[ 375] ---> WB:  Write x 0 =           0 (00000000)
---
[ 385] IF:  PC=00000024, Inst=00000000
[ 385] ID:  PC=00000024, Inst=00000000, opcode=00
[ 385] EX:  PC=00000024, ALUResult=00000000, zero=1
[ 385] ---> WB:  Write x 0 =           0 (00000000)
---
  385 | 00000028 | 00000000   | 1       |  0  | 00000000 |
[ 395] IF:  PC=00000028, Inst=00000000
[ 395] ID:  PC=00000024, Inst=00000000, opcode=00
[ 395] EX:  PC=00000024, ALUResult=00000000, zero=1
[ 395] ---> WB:  Write x 0 =           0 (00000000)
---
  395 | 00000028 | 00000000   | 0       |  0  | 00000000 |
[ 405] IF:  PC=00000028, Inst=00000000
[ 405] ID:  PC=00000028, Inst=00000000, opcode=00
[ 405] EX:  PC=00000024, ALUResult=00000000, zero=1
---
[ 415] IF:  PC=00000028, Inst=00000000
[ 415] ID:  PC=00000028, Inst=00000000, opcode=00
[ 415] EX:  PC=00000028, ALUResult=00000000, zero=1
---
[ 425] IF:  PC=00000028, Inst=00000000
[ 425] ID:  PC=00000028, Inst=00000000, opcode=00
[ 425] EX:  PC=00000028, ALUResult=00000000, zero=1
---
  425 | 0000002c | 00000000   | 0       |  0  | 00000000 |
[ 435] IF:  PC=0000002c, Inst=00000000
[ 435] ID:  PC=00000028, Inst=00000000, opcode=00
[ 435] EX:  PC=00000028, ALUResult=00000000, zero=1
---
[ 445] IF:  PC=0000002c, Inst=00000000
[ 445] ID:  PC=0000002c, Inst=00000000, opcode=00
[ 445] EX:  PC=00000028, ALUResult=00000000, zero=1
---
[ 455] IF:  PC=0000002c, Inst=00000000
[ 455] ID:  PC=0000002c, Inst=00000000, opcode=00
[ 455] EX:  PC=0000002c, ALUResult=00000000, zero=1
---
[ 465] IF:  PC=0000002c, Inst=00000000
[ 465] ID:  PC=0000002c, Inst=00000000, opcode=00
[ 465] EX:  PC=0000002c, ALUResult=00000000, zero=1
---
  465 | 00000030 | 00000000   | 0       |  0  | 00000000 |
[ 475] IF:  PC=00000030, Inst=00000000
[ 475] ID:  PC=0000002c, Inst=00000000, opcode=00
[ 475] EX:  PC=0000002c, ALUResult=00000000, zero=1
---
[ 485] IF:  PC=00000030, Inst=00000000
[ 485] ID:  PC=00000030, Inst=00000000, opcode=00
[ 485] EX:  PC=0000002c, ALUResult=00000000, zero=1
---
[ 495] IF:  PC=00000030, Inst=00000000
[ 495] ID:  PC=00000030, Inst=00000000, opcode=00
[ 495] EX:  PC=00000030, ALUResult=00000000, zero=1
---
[ 505] IF:  PC=00000030, Inst=00000000
[ 505] ID:  PC=00000030, Inst=00000000, opcode=00
[ 505] EX:  PC=00000030, ALUResult=00000000, zero=1
---
  505 | 00000034 | 00000000   | 0       |  0  | 00000000 |

========== Simulation Finished ==========
[ 515] IF:  PC=00000034, Inst=00000000
